2020-11-17 18:29:34 -  - exec CUpdateClientPartner::__CollectRequestData
2020-11-17 18:29:34 -  - exec CUpdateClientPartner::GetHTTPPage
2020-11-17 18:29:34 -  - exec CUpdateClientPartner::ParseServerData
2020-11-17 18:29:34 -  - exec CUpdateClientPartner::GetUpdatesList
2020-11-17 18:29:34 -  - exec CUpdateClientPartner::__CollectRequestData
2020-11-17 18:29:34 -  - utf=Y&lang=ru&stable=Y&CANGZIP=Y&SUPD_DBS=MYSQL&XE=N&CLIENT_SITE=192.168.231.130&LICENSE_KEY=X&SUPD_STS=1&SUPD_URS=0&SUPD_URSA=1&TYPENC=D&CLIENT_PHPVER=7.2.24&NGINX=Y&dbv=5.7.28&instm=main%2C20.5.393%2CY%3Bvote%2C20.0.400%2CN%3Bsearch%2C20.5.0%2CN%3Bbitrixcloud%2C20.5.0%2CN%3Bb24connector%2C20.5.0%2CN%3Bbitrix.sitecorporate%2C15.5.0%2CN%3Blanding%2C20.4.50%2CN%3Bbitrix.sitepersonal%2C15.5.0%2CN%3Bscale%2C17.5.0%2CN%3Bperfmon%2C20.5.0%2CN%3Bclouds%2C20.5.0%2CN%3Bphotogallery%2C20.0.100%2CN%3Bsecurity%2C20.5.0%2CN%3Bfileman%2C20.0.600%2CN%3Bseo%2C20.0.200%2CN%3Bforum%2C20.0.600%2CN%3Bbitrix.siteinfoportal%2C15.5.0%2CN%3Btranslate%2C19.0.600%2CN%3Bsocialservices%2C20.0.200%2CN%3Bhighloadblock%2C20.0.300%2CN%3Brest%2C20.0.700%2CN%3Biblock%2C20.0.800%2CN%3Bsubscribe%2C20.5.0%2CN%3Bmessageservice%2C20.5.0%2CN%3Bform%2C18.0.0%2CN%3Bui%2C20.5.450%2CN%3Bmobileapp%2C20.0.100%2CN%3Bblog%2C20.0.200%2CN&reqm=bitrix.sitecorporate%2Cbitrix.sitepersonal%2Cbitrix.siteinfoportal&fullmoduleinfo=Y&SUPD_SRS=RU&SUPD_CMP=N
2020-11-17 18:29:34 -  - exec CUpdateClientPartner::GetHTTPPage
2020-11-17 18:29:35 -  - TIME GetUpdatesList(request) 0.325 sec
2020-11-17 18:29:35 -  - exec CUpdateClientPartner::ParseServerData
2020-11-17 18:29:35 -  - exec CUpdateClientPartner::__CollectRequestData
2020-11-17 18:29:35 -  - exec CUpdateClientPartner::GetHTTPPage
2020-11-17 18:29:35 -  - exec CUpdateClientPartner::ParseServerData
2020-11-18 18:30:21 -  - exec CUpdateClientPartner::__CollectRequestData
2020-11-18 18:30:21 -  - exec CUpdateClientPartner::GetHTTPPage
2020-11-18 18:30:21 -  - exec CUpdateClientPartner::ParseServerData
2020-11-18 18:30:21 -  - exec CUpdateClientPartner::GetUpdatesList
2020-11-18 18:30:21 -  - exec CUpdateClientPartner::__CollectRequestData
2020-11-18 18:30:21 -  - utf=Y&lang=ru&stable=Y&CANGZIP=Y&SUPD_DBS=MYSQL&XE=N&CLIENT_SITE=192.168.231.132&LICENSE_KEY=X&SUPD_STS=1&SUPD_URS=0&SUPD_URSA=1&TYPENC=D&CLIENT_PHPVER=7.2.24&NGINX=Y&dbv=5.7.28&instm=main%2C20.5.393%2CY%3Bvote%2C20.0.400%2CN%3Bsearch%2C20.5.0%2CN%3Bbitrixcloud%2C20.5.0%2CN%3Bb24connector%2C20.5.0%2CN%3Bbitrix.sitecorporate%2C15.5.0%2CN%3Blanding%2C20.4.50%2CN%3Bbitrix.sitepersonal%2C15.5.0%2CN%3Bscale%2C17.5.0%2CN%3Bperfmon%2C20.5.0%2CN%3Bclouds%2C20.5.0%2CN%3Bphotogallery%2C20.0.100%2CN%3Bsecurity%2C20.5.0%2CN%3Bfileman%2C20.0.600%2CN%3Bseo%2C20.0.200%2CN%3Bforum%2C20.0.600%2CN%3Bbitrix.siteinfoportal%2C15.5.0%2CN%3Btranslate%2C19.0.600%2CN%3Bsocialservices%2C20.0.200%2CN%3Bhighloadblock%2C20.0.300%2CN%3Brest%2C20.0.700%2CN%3Biblock%2C20.0.800%2CN%3Bsubscribe%2C20.5.0%2CN%3Bmessageservice%2C20.5.0%2CN%3Bform%2C18.0.0%2CN%3Bui%2C20.5.450%2CN%3Bmobileapp%2C20.0.100%2CN%3Bblog%2C20.0.200%2CN&reqm=bitrix.sitecorporate%2Cbitrix.sitepersonal%2Cbitrix.siteinfoportal&fullmoduleinfo=Y&SUPD_SRS=RU&SUPD_CMP=N
2020-11-18 18:30:21 -  - exec CUpdateClientPartner::GetHTTPPage
2020-11-18 18:30:22 -  - TIME GetUpdatesList(request) 0.367 sec
2020-11-18 18:30:22 -  - exec CUpdateClientPartner::ParseServerData
2020-11-18 18:30:22 -  - exec CUpdateClientPartner::__CollectRequestData
2020-11-18 18:30:22 -  - exec CUpdateClientPartner::GetHTTPPage
2020-11-18 18:30:22 -  - exec CUpdateClientPartner::ParseServerData
